[0m18:14:18.676429 [debug] [MainThread]: Sending event: {'category': 'dbt', 'action': 'invocation', 'label': 'start', 'context': [<snowplow_tracker.self_describing_json.SelfDescribingJson object at 0x00000216D8D90940>, <snowplow_tracker.self_describing_json.SelfDescribingJson object at 0x00000216DAFA21C0>, <snowplow_tracker.self_describing_json.SelfDescribingJson object at 0x00000216DAFA2220>]}


============================== 18:14:18.681879 | 45195f9c-23e0-4d93-921f-7f1e30070884 ==============================
[0m18:14:18.681879 [info ] [MainThread]: Running with dbt=1.5.4
[0m18:14:18.682871 [debug] [MainThread]: running dbt with arguments {'printer_width': '80', 'indirect_selection': 'eager', 'log_cache_events': 'False', 'write_json': 'True', 'partial_parse': 'True', 'cache_selected_only': 'False', 'profiles_dir': 'C:\\Users\\rahul\\.dbt', 'fail_fast': 'False', 'warn_error': 'None', 'log_path': 'logs', 'debug': 'False', 'version_check': 'True', 'use_colors': 'True', 'use_experimental_parser': 'False', 'no_print': 'None', 'quiet': 'False', 'log_format': 'default', 'static_parser': 'True', 'warn_error_options': 'WarnErrorOptions(include=[], exclude=[])', 'introspect': 'True', 'target_path': 'None', 'send_anonymous_usage_stats': 'True'}
[0m18:14:18.684872 [debug] [MainThread]: Starter project path: c:\users\rahul\onedrive\desktop\bigquery-duckdb-motherduck\env\lib\site-packages\dbt\include\starter_project
[0m18:14:20.434580 [info ] [MainThread]: No sample profile found for duckdb.
[0m18:14:20.435630 [info ] [MainThread]: 
Your new dbt project "dbt_bigquery" was created!

For more information on how to configure the profiles.yml file,
please consult the dbt documentation here:

  https://docs.getdbt.com/docs/configure-your-profile

One more thing:

Need help? Don't hesitate to reach out to us via GitHub issues or on Slack:

  https://community.getdbt.com/

Happy modeling!

[0m18:14:20.439922 [debug] [MainThread]: Command `dbt init` succeeded at 18:14:20.439922 after 1.78 seconds
[0m18:14:20.440919 [debug] [MainThread]: Sending event: {'category': 'dbt', 'action': 'invocation', 'label': 'end', 'context': [<snowplow_tracker.self_describing_json.SelfDescribingJson object at 0x00000216D8D90940>, <snowplow_tracker.self_describing_json.SelfDescribingJson object at 0x00000216DB031D90>, <snowplow_tracker.self_describing_json.SelfDescribingJson object at 0x00000216DAFD1850>]}
[0m18:14:20.440919 [debug] [MainThread]: Flushing usage events
[0m18:20:31.708220 [debug] [MainThread]: Sending event: {'category': 'dbt', 'action': 'invocation', 'label': 'start', 'context': [<snowplow_tracker.self_describing_json.SelfDescribingJson object at 0x000001C50A5F0970>, <snowplow_tracker.self_describing_json.SelfDescribingJson object at 0x000001C50C8021C0>, <snowplow_tracker.self_describing_json.SelfDescribingJson object at 0x000001C50C802220>]}


============================== 18:20:31.712732 | f43a2eb3-56df-41e0-9df0-49373628a5e4 ==============================
[0m18:20:31.712732 [info ] [MainThread]: Running with dbt=1.5.4
[0m18:20:31.713738 [debug] [MainThread]: running dbt with arguments {'printer_width': '80', 'indirect_selection': 'eager', 'write_json': 'True', 'log_cache_events': 'False', 'partial_parse': 'True', 'cache_selected_only': 'False', 'warn_error': 'None', 'fail_fast': 'False', 'debug': 'False', 'log_path': 'logs', 'version_check': 'True', 'profiles_dir': 'C:\\Users\\rahul\\.dbt', 'use_colors': 'True', 'use_experimental_parser': 'False', 'no_print': 'None', 'quiet': 'False', 'log_format': 'default', 'static_parser': 'True', 'warn_error_options': 'WarnErrorOptions(include=[], exclude=[])', 'introspect': 'True', 'target_path': 'None', 'send_anonymous_usage_stats': 'True'}
[0m18:20:31.714760 [debug] [MainThread]: Starter project path: c:\users\rahul\onedrive\desktop\bigquery-duckdb-motherduck\env\lib\site-packages\dbt\include\starter_project
[0m18:20:33.020525 [info ] [MainThread]: No sample profile found for duckdb.
[0m18:20:33.021453 [info ] [MainThread]: 
Your new dbt project "dbt_bigquery" was created!

For more information on how to configure the profiles.yml file,
please consult the dbt documentation here:

  https://docs.getdbt.com/docs/configure-your-profile

One more thing:

Need help? Don't hesitate to reach out to us via GitHub issues or on Slack:

  https://community.getdbt.com/

Happy modeling!

[0m18:20:33.029972 [debug] [MainThread]: Command `dbt init` succeeded at 18:20:33.029972 after 1.33 seconds
[0m18:20:33.031034 [debug] [MainThread]: Sending event: {'category': 'dbt', 'action': 'invocation', 'label': 'end', 'context': [<snowplow_tracker.self_describing_json.SelfDescribingJson object at 0x000001C50A5F0970>, <snowplow_tracker.self_describing_json.SelfDescribingJson object at 0x000001C50A8E9070>, <snowplow_tracker.self_describing_json.SelfDescribingJson object at 0x000001C50C891D90>]}
[0m18:20:33.032620 [debug] [MainThread]: Flushing usage events
[0m18:29:10.651022 [debug] [MainThread]: Sending event: {'category': 'dbt', 'action': 'invocation', 'label': 'start', 'context': [<snowplow_tracker.self_describing_json.SelfDescribingJson object at 0x000002001E5A5970>, <snowplow_tracker.self_describing_json.SelfDescribingJson object at 0x00000200207B21C0>, <snowplow_tracker.self_describing_json.SelfDescribingJson object at 0x00000200207B2220>]}


============================== 18:29:10.655144 | 7dfacbdd-d6ab-461d-a747-5b076b4345e6 ==============================
[0m18:29:10.655144 [info ] [MainThread]: Running with dbt=1.5.4
[0m18:29:10.656466 [debug] [MainThread]: running dbt with arguments {'printer_width': '80', 'indirect_selection': 'eager', 'log_cache_events': 'False', 'write_json': 'True', 'partial_parse': 'True', 'cache_selected_only': 'False', 'profiles_dir': 'C:\\Users\\rahul\\.dbt', 'debug': 'False', 'warn_error': 'None', 'log_path': 'logs', 'version_check': 'True', 'fail_fast': 'False', 'use_colors': 'True', 'use_experimental_parser': 'False', 'no_print': 'None', 'quiet': 'False', 'warn_error_options': 'WarnErrorOptions(include=[], exclude=[])', 'introspect': 'True', 'log_format': 'default', 'static_parser': 'True', 'target_path': 'None', 'send_anonymous_usage_stats': 'True'}
[0m18:29:10.657567 [debug] [MainThread]: Starter project path: c:\users\rahul\onedrive\desktop\bigquery-duckdb-motherduck\env\lib\site-packages\dbt\include\starter_project
[0m18:29:12.530850 [info ] [MainThread]: No sample profile found for duckdb.
[0m18:29:12.532363 [info ] [MainThread]: 
Your new dbt project "dbt_bigquery" was created!

For more information on how to configure the profiles.yml file,
please consult the dbt documentation here:

  https://docs.getdbt.com/docs/configure-your-profile

One more thing:

Need help? Don't hesitate to reach out to us via GitHub issues or on Slack:

  https://community.getdbt.com/

Happy modeling!

[0m18:29:12.538396 [debug] [MainThread]: Command `dbt init` succeeded at 18:29:12.537375 after 1.89 seconds
[0m18:29:12.538396 [debug] [MainThread]: Sending event: {'category': 'dbt', 'action': 'invocation', 'label': 'end', 'context': [<snowplow_tracker.self_describing_json.SelfDescribingJson object at 0x000002001E5A5970>, <snowplow_tracker.self_describing_json.SelfDescribingJson object at 0x000002001E895070>, <snowplow_tracker.self_describing_json.SelfDescribingJson object at 0x0000020020841D90>]}
[0m18:29:12.539380 [debug] [MainThread]: Flushing usage events
[0m18:37:41.205763 [debug] [MainThread]: Sending event: {'category': 'dbt', 'action': 'invocation', 'label': 'start', 'context': [<snowplow_tracker.self_describing_json.SelfDescribingJson object at 0x000002855BF408B0>, <snowplow_tracker.self_describing_json.SelfDescribingJson object at 0x000002855E1521C0>, <snowplow_tracker.self_describing_json.SelfDescribingJson object at 0x000002855E152220>]}


============================== 18:37:41.209457 | a8217032-fd2d-4c37-b9eb-c9a1483ffd9b ==============================
[0m18:37:41.209457 [info ] [MainThread]: Running with dbt=1.5.4
[0m18:37:41.210444 [debug] [MainThread]: running dbt with arguments {'printer_width': '80', 'indirect_selection': 'eager', 'log_cache_events': 'False', 'write_json': 'True', 'partial_parse': 'True', 'cache_selected_only': 'False', 'profiles_dir': 'C:\\Users\\rahul\\.dbt', 'fail_fast': 'False', 'warn_error': 'None', 'log_path': 'logs', 'version_check': 'True', 'debug': 'False', 'use_colors': 'True', 'use_experimental_parser': 'False', 'no_print': 'None', 'quiet': 'False', 'log_format': 'default', 'static_parser': 'True', 'warn_error_options': 'WarnErrorOptions(include=[], exclude=[])', 'introspect': 'True', 'target_path': 'None', 'send_anonymous_usage_stats': 'True'}
[0m18:37:41.211350 [debug] [MainThread]: Starter project path: c:\users\rahul\onedrive\desktop\bigquery-duckdb-motherduck\env\lib\site-packages\dbt\include\starter_project
[0m18:37:43.408481 [info ] [MainThread]: No sample profile found for duckdb.
[0m18:37:43.409376 [info ] [MainThread]: 
Your new dbt project "dbt_bigquery" was created!

For more information on how to configure the profiles.yml file,
please consult the dbt documentation here:

  https://docs.getdbt.com/docs/configure-your-profile

One more thing:

Need help? Don't hesitate to reach out to us via GitHub issues or on Slack:

  https://community.getdbt.com/

Happy modeling!

[0m18:37:43.413898 [debug] [MainThread]: Command `dbt init` succeeded at 18:37:43.413898 after 2.22 seconds
[0m18:37:43.414977 [debug] [MainThread]: Sending event: {'category': 'dbt', 'action': 'invocation', 'label': 'end', 'context': [<snowplow_tracker.self_describing_json.SelfDescribingJson object at 0x000002855BF408B0>, <snowplow_tracker.self_describing_json.SelfDescribingJson object at 0x000002855E1E1EE0>, <snowplow_tracker.self_describing_json.SelfDescribingJson object at 0x000002855E180940>]}
[0m18:37:43.414977 [debug] [MainThread]: Flushing usage events
